0 verbose cli C:\Program Files\nodejs\node.exe C:\Program Files\nodejs\node_modules\npm\bin\npm-cli.js
1 info using npm@10.9.2
2 info using node@v22.17.0
3 silly config load:file:C:\Program Files\nodejs\node_modules\npm\npmrc
4 silly config load:file:C:\Projects\Company Portal\V1\.npmrc
5 silly config load:file:C:\Users\Vishnuvardhan\.npmrc
6 silly config load:file:C:\Users\Vishnuvardhan\AppData\Roaming\npm\etc\npmrc
7 verbose title npm exec supabase --version
8 verbose argv "exec" "--" "supabase" "--version"
9 verbose logfile logs-max:10 dir:C:\Projects\Company Portal\V1\.npm-cache\_logs\2026-04-20T19_01_18_767Z-
10 verbose logfile C:\Projects\Company Portal\V1\.npm-cache\_logs\2026-04-20T19_01_18_767Z-debug-0.log
11 silly logfile done cleaning log files
12 silly packumentCache heap:4345298944 maxSize:1086324736 maxEntrySize:543162368
13 http fetch GET 200 https://registry.npmjs.org/supabase 425ms (cache revalidated)
14 silly packumentCache heap:4345298944 maxSize:1086324736 maxEntrySize:543162368
15 silly packumentCache heap:4345298944 maxSize:1086324736 maxEntrySize:543162368
16 warn exec The following package was not found and will be installed: supabase@2.93.0
17 silly idealTree buildDeps
18 silly fetch manifest supabase@2.93.0
19 silly packumentCache full:https://registry.npmjs.org/supabase cache-miss
20 http fetch GET 200 https://registry.npmjs.org/supabase 240ms (cache revalidated)
21 silly packumentCache full:https://registry.npmjs.org/supabase set size:2560343 disposed:false
22 silly placeDep ROOT supabase@2.93.0 REPLACE for:  want: 2.93.0
23 silly reify mark retired [
23 silly reify   'C:\\Projects\\Company Portal\\V1\\.npm-cache\\_npx\\aa8e5c70f9d8d161\\node_modules\\supabase',
23 silly reify   'C:\\Projects\\Company Portal\\V1\\.npm-cache\\_npx\\aa8e5c70f9d8d161\\node_modules\\.bin\\supabase',
23 silly reify   'C:\\Projects\\Company Portal\\V1\\.npm-cache\\_npx\\aa8e5c70f9d8d161\\node_modules\\.bin\\supabase.cmd',
23 silly reify   'C:\\Projects\\Company Portal\\V1\\.npm-cache\\_npx\\aa8e5c70f9d8d161\\node_modules\\.bin\\supabase.ps1'
23 silly reify ]
24 silly reify moves {
24 silly reify   'C:\\Projects\\Company Portal\\V1\\.npm-cache\\_npx\\aa8e5c70f9d8d161\\node_modules\\supabase': 'C:\\Projects\\Company Portal\\V1\\.npm-cache\\_npx\\aa8e5c70f9d8d161\\node_modules\\.supabase-WSdmDsu5',
24 silly reify   'C:\\Projects\\Company Portal\\V1\\.npm-cache\\_npx\\aa8e5c70f9d8d161\\node_modules\\.bin\\supabase': 'C:\\Projects\\Company Portal\\V1\\.npm-cache\\_npx\\aa8e5c70f9d8d161\\node_modules\\.bin\\.supabase-GE7tn6yW',
24 silly reify   'C:\\Projects\\Company Portal\\V1\\.npm-cache\\_npx\\aa8e5c70f9d8d161\\node_modules\\.bin\\supabase.cmd': 'C:\\Projects\\Company Portal\\V1\\.npm-cache\\_npx\\aa8e5c70f9d8d161\\node_modules\\.bin\\.supabase.cmd-uXv356Nz',
24 silly reify   'C:\\Projects\\Company Portal\\V1\\.npm-cache\\_npx\\aa8e5c70f9d8d161\\node_modules\\.bin\\supabase.ps1': 'C:\\Projects\\Company Portal\\V1\\.npm-cache\\_npx\\aa8e5c70f9d8d161\\node_modules\\.bin\\.supabase.ps1-tZJnK06u'
24 silly reify }
25 verbose stack Error: EBUSY: resource busy or locked, rename 'C:\Projects\Company Portal\V1\.npm-cache\_npx\aa8e5c70f9d8d161\node_modules\supabase' -> 'C:\Projects\Company Portal\V1\.npm-cache\_npx\aa8e5c70f9d8d161\node_modules\.supabase-WSdmDsu5'
25 verbose stack     at async Object.rename (node:internal/fs/promises:784:10)
25 verbose stack     at async moveFile (C:\Program Files\nodejs\node_modules\npm\node_modules\@npmcli\fs\lib\move-file.js:30:5)
25 verbose stack     at async Promise.allSettled (index 0)
25 verbose stack     at async [reifyPackages] (C:\Program Files\nodejs\node_modules\npm\node_modules\@npmcli\arborist\lib\arborist\reify.js:325:11)
25 verbose stack     at async Arborist.reify (C:\Program Files\nodejs\node_modules\npm\node_modules\@npmcli\arborist\lib\arborist\reify.js:142:5)
25 verbose stack     at async exec (C:\Program Files\nodejs\node_modules\npm\node_modules\libnpmexec\lib\index.js:290:7)
25 verbose stack     at async Npm.exec (C:\Program Files\nodejs\node_modules\npm\lib\npm.js:207:9)
25 verbose stack     at async module.exports (C:\Program Files\nodejs\node_modules\npm\lib\cli\entry.js:74:5)
26 error code EBUSY
27 error syscall rename
28 error path C:\Projects\Company Portal\V1\.npm-cache\_npx\aa8e5c70f9d8d161\node_modules\supabase
29 error dest C:\Projects\Company Portal\V1\.npm-cache\_npx\aa8e5c70f9d8d161\node_modules\.supabase-WSdmDsu5
30 error errno -4082
31 error EBUSY: resource busy or locked, rename 'C:\Projects\Company Portal\V1\.npm-cache\_npx\aa8e5c70f9d8d161\node_modules\supabase' -> 'C:\Projects\Company Portal\V1\.npm-cache\_npx\aa8e5c70f9d8d161\node_modules\.supabase-WSdmDsu5'
32 silly unfinished npm timer reify 1776711680714
33 silly unfinished npm timer reify:retireShallow 1776711680989
34 verbose cwd C:\Projects\Company Portal\V1
35 verbose os Windows_NT 10.0.26200
36 verbose node v22.17.0
37 verbose npm  v10.9.2
38 verbose exit -4082
39 verbose code -4082
40 error A complete log of this run can be found in: C:\Projects\Company Portal\V1\.npm-cache\_logs\2026-04-20T19_01_18_767Z-debug-0.log
